____Loading complete.  Analyzing...
____Found 1 target...
____Building...
____[839 / 840] Generating HelloCamera.apk (Android) with Unity
ERROR: /Users/mc/repo/niantic/apps/client/exploratory/hellocamera/BUILD:37:1: Generating HelloCamera.apk (Android) with Unity failed: unity-build.sh failed: error executing command bzl/unity/unity-build.sh -quit -batchmode -projectPath /Users/mc/repo/niantic/bazel-out/darwin-opt/bin/apps/client/exploratory/hellocamera/unity.android/HelloCamera -executeMethod BazelBuild.BuildAndroid ... (remaining 3 argument(s) skipped): com.google.devtools.build.lib.shell.BadExitStatusException: Process exited with status 1.
Initialize mono
Mono path[0] = '/Applications/Unity/Unity.app/Contents/Managed'
Mono path[1] = '/Applications/Unity/Unity.app/Contents/Mono/lib/mono/2.0'
Mono config path = '/Applications/Unity/Unity.app/Contents/Mono/etc'
Using monoOptions --debugger-agent=transport=dt_socket,embedding=1,defer=y,address=0.0.0.0:56790
2017-04-27 14:02:27.616 Unity[16790:19055258] NSDocumentController Info.plist warning: The values of CFBundleTypeRole entries must be 'Editor', 'Viewer', 'None', or 'Shell'.
...276545 bytes written to /Users/mc/Library/Unity/Certificates/CACerts.pem

LICENSE SYSTEM [2017427 14:2:27] No start/stop license dates set

LICENSE SYSTEM [2017427 14:2:27] Next license update check is after 2017-04-27T21:13:01

DisplayProgressbar: Unity license

 COMMAND LINE ARGUMENTS:
external/unity/Unity.app/Contents/MacOS/Unity
-quit
-batchmode
-projectPath
/Users/mc/repo/niantic/bazel-out/darwin-opt/bin/apps/client/exploratory/hellocamera/unity.android/HelloCamera
-executeMethod
BazelBuild.BuildAndroid
/Users/mc/repo/niantic/bazel-out/darwin-opt/bin/apps/client/exploratory/hellocamera/HelloCamera.apk
-logFile
/dev/stderr
Successfully changed project path to: /Users/mc/repo/niantic/bazel-out/darwin-opt/bin/apps/client/exploratory/hellocamera/unity.android/HelloCamera
/private/var/tmp/_bazel_mc/c4f4f6f74f33415f35a1ab44963d1e4f/execroot/code8/bazel-out/darwin-opt/bin/apps/client/exploratory/hellocamera/unity.android/HelloCamera
Loading GUID <-> Path mappings...0.000031 seconds
Loading Asset Database...0.008106 seconds
Audio: FMOD Profiler initialized on port 54901
AssetDatabase consistency checks...0.017570 seconds
Initialize engine version: 5.6.0f3 (497a0f351392)
GfxDevice: creating device client; threaded=0
GfxDevice: creating device client; threaded=0
Renderer: Intel(R) Iris(TM) Graphics 6100
Vendor:   Intel Inc.
Version:  4.1 INTEL-10.20.23
GLES:     0
 GL_ARB_blend_func_extended GL_ARB_draw_buffers_blend GL_ARB_draw_indirect GL_ARB_ES2_compatibility GL_ARB_explicit_attrib_location GL_ARB_gpu_shader_fp64 GL_ARB_gpu_shader5 GL_ARB_instanced_arrays GL_ARB_internalformat_query GL_ARB_occlusion_query2 GL_ARB_sample_shading GL_ARB_sampler_objects GL_ARB_separate_shader_objects GL_ARB_shader_bit_encoding GL_ARB_shader_subroutine GL_ARB_shading_language_include GL_ARB_tessellation_shader GL_ARB_texture_buffer_object_rgb32 GL_ARB_texture_cube_map_array GL_ARB_texture_gather GL_ARB_texture_query_lod GL_ARB_texture_rgb10_a2ui GL_ARB_texture_storage GL_ARB_texture_swizzle GL_ARB_timer_query GL_ARB_transform_feedback2 GL_ARB_transform_feedback3 GL_ARB_vertex_attrib_64bit GL_ARB_vertex_type_2_10_10_10_rev GL_ARB_viewport_array GL_EXT_debug_label GL_EXT_debug_marker GL_EXT_framebuffer_multisample_blit_scaled GL_EXT_texture_compression_s3tc GL_EXT_texture_filter_anisotropic GL_EXT_texture_sRGB_decode GL_APPLE_client_storage GL_APPLE_container_object_shareable GL_APPLE_fl
ush_render GL_APPLE_object_purgeable GL_APPLE_rgb_422 GL_APPLE_row_bytes GL_APPLE_texture_range GL_ATI_texture_mirror_once GL_NV_texture_barrier
OPENGL LOG: Creating OpenGL 4.1 graphics device ; Context level  <OpenGL 4.1> ; Context handle 244043776
Begin MonoManager ReloadAssembly
Platform assembly: /Applications/Unity/Unity.app/Contents/Managed/UnityEngine.dll (this message is harmless)
Platform assembly: /Applications/Unity/Unity.app/Contents/Managed/UnityEditor.dll (this message is harmless)
Platform assembly: /Applications/Unity/Unity.app/Contents/Managed/Unity.Locator.dll (this message is harmless)
Platform assembly: /Applications/Unity/Unity.app/Contents/Managed/Unity.DataContract.dll (this message is harmless)
Platform assembly: /Applications/Unity/Unity.app/Contents/Mono/lib/mono/2.0/System.Core.dll (this message is harmless)
Platform assembly: /Applications/Unity/Unity.app/Contents/Managed/Unity.IvyParser.dll (this message is harmless)
Platform assembly: /Applications/Unity/Unity.app/Contents/Mono/lib/mono/2.0/System.dll (this message is harmless)
Platform assembly: /Applications/Unity/Unity.app/Contents/Mono/lib/mono/2.0/System.Xml.dll (this message is harmless)
Platform assembly: /Applications/Unity/Unity.app/Contents/Mono/lib/mono/2.0/System.Configuration.dll (this message is harmless)
Platform assembly: /Applications/Unity/Unity.app/Contents/PackageManager/Unity/PackageManager/5.6.0/Unity.PackageManager.dll (this message is harmless)
Initializing Unity.PackageManager (PackageManager) v5.6.0 for Unity v5.6.0f3
Setting Standalone:StandaloneOSXIntel v5.6.0 for Unity v5.6.0f3 to /private/var/tmp/_bazel_mc/c4f4f6f74f33415f35a1ab44963d1e4f/execroot/code8/external/unity/Unity.app/Contents/PlaybackEngines/MacStandaloneSupport
Setting Advertisements v5.6.0 for Unity v5.6.0f3 to /private/var/tmp/_bazel_mc/c4f4f6f74f33415f35a1ab44963d1e4f/execroot/code8/external/unity/Unity.app/Contents/UnityExtensions/Unity/Advertisements
  UnityEngine.Advertisements.dll (Extension) GUID: 739bbd9f364b4268874f9fd86ab3beef
  Editor/UnityEditor.Advertisements.dll (Extension) GUID: 97decbdab0634cdd991f8d23ddf0dead
Setting GUISystem v5.6.0 for Unity v5.6.0f3 to /private/var/tmp/_bazel_mc/c4f4f6f74f33415f35a1ab44963d1e4f/execroot/code8/external/unity/Unity.app/Contents/UnityExtensions/Unity/GUISystem
  UnityEngine.UI.dll (Extension) GUID: f5f67c52d1564df4a8936ccd202a3bd8
  Standalone/UnityEngine.UI.dll (Extension) GUID: f70555f144d8491a825f0804e09c671c
  Editor/UnityEditor.UI.dll (Extension) GUID: 80a3616ca19596e4da0f10f14d241e9f
Setting UNetHLAPI v5.6.0 for Unity v5.6.0f3 to /private/var/tmp/_bazel_mc/c4f4f6f74f33415f35a1ab44963d1e4f/execroot/code8/external/unity/Unity.app/Contents/UnityExtensions/Unity/Networking
  UnityEngine.Networking.dll (Extension) GUID: 870353891bb340e2b2a9c8707e7419ba
  Standalone/UnityEngine.Networking.dll (Extension) GUID: dc443db3e92b4983b9738c1131f555cb
  Editor/UnityEditor.Networking.dll (Extension) GUID: 5f32cd94baa94578a686d4b9d6b660f7
Setting TestRunner v5.6.0 for Unity v5.6.0f3 to /private/var/tmp/_bazel_mc/c4f4f6f74f33415f35a1ab44963d1e4f/execroot/code8/external/unity/Unity.app/Contents/UnityExtensions/Unity/TestRunner
  Editor/UnityEditor.TestRunner.dll (Extension) GUID: 4113173d5e95493ab8765d7b08371de4
  UnityEngine.TestRunner.dll (Extension) GUID: 53ebcfaa2e1e4e2dbc85882cd5a73fa1
  nunit.framework.dll (Extension) GUID: 6abf4b4cbfd0454e850ffc1ec9140b58
  standalone/nunit.framework.dll (Extension) GUID: 4277762b3c154fab9f2e968e868bbbd7
  portable/nunit.framework.dll (Extension) GUID: 405b9b51bb344a128608d968297df79c
Setting TreeEditor v5.6.0 for Unity v5.6.0f3 to /private/var/tmp/_bazel_mc/c4f4f6f74f33415f35a1ab44963d1e4f/execroot/code8/external/unity/Unity.app/Contents/UnityExtensions/Unity/TreeEditor
  Editor/UnityEditor.TreeEditor.dll (Extension) GUID: adebbd281f1a4ef3a30be7f21937e02f
Setting UnityAnalytics v5.6.0 for Unity v5.6.0f3 to /private/var/tmp/_bazel_mc/c4f4f6f74f33415f35a1ab44963d1e4f/execroot/code8/external/unity/Unity.app/Contents/UnityExtensions/Unity/UnityAnalytics
  UnityEngine.Analytics.dll (Extension) GUID: 852E56802EB941638ACBB491814497B0
  Editor/UnityEditor.Analytics.dll (Extension) GUID: 86f4de9468454445ac2f39e207fafa3a
Setting UnityHoloLens v5.6.0 for Unity v5.6.0f3 to /private/var/tmp/_bazel_mc/c4f4f6f74f33415f35a1ab44963d1e4f/execroot/code8/external/unity/Unity.app/Contents/UnityExtensions/Unity/UnityHoloLens
  Editor/UnityEditor.HoloLens.dll (Extension) GUID: 12fd8a0055b84bb59e84c9835a37e333
  Runtime/UnityEngine.HoloLens.dll (Extension) GUID: f7b54ff4a43d4fcf81b4538b678e0bcc
  RuntimeEditor/UnityEngine.HoloLens.dll (Extension) GUID: 1c6d1fbb51834b64847b1b73a75bfc77
Setting UnityPurchasing v5.6.0 for Unity v5.6.0f3 to /private/var/tmp/_bazel_mc/c4f4f6f74f33415f35a1ab44963d1e4f/execroot/code8/external/unity/Unity.app/Contents/UnityExtensions/Unity/UnityPurchasing
  UnityEngine.Purchasing.dll (Extension) GUID: 8E0CD8ED44D4412CBE0642067ABC9E44
  Editor/UnityEditor.Purchasing.dll (Extension) GUID: 8382B2BB260241859771B69B7F377A8D
Setting UnityVR v5.6.0 for Unity v5.6.0f3 to /private/var/tmp/_bazel_mc/c4f4f6f74f33415f35a1ab44963d1e4f/execroot/code8/external/unity/Unity.app/Contents/UnityExtensions/Unity/UnityVR
  Editor/UnityEditor.VR.dll (Extension) GUID: 4ba2329b63d54f0187bcaa12486b1b0f
  Runtime/UnityEngine.VR.dll (Extension) GUID: 6cdf1e5c78d14720aaadccd4C792df96
  RuntimeEditor/UnityEngine.VR.dll (Extension) GUID: 307433eba81a469ab1e2084d52d1a5a2
Registering custom unity dll's ...
Register platform support module: /private/var/tmp/_bazel_mc/c4f4f6f74f33415f35a1ab44963d1e4f/execroot/code8/external/unity/PlaybackEngines/AndroidPlayer/UnityEditor.Android.Extensions.dll
Register platform support module: /private/var/tmp/_bazel_mc/c4f4f6f74f33415f35a1ab44963d1e4f/execroot/code8/external/unity/PlaybackEngines/iOSSupport/UnityEditor.iOS.Extensions.dll
Register platform support module: /private/var/tmp/_bazel_mc/c4f4f6f74f33415f35a1ab44963d1e4f/execroot/code8/external/unity/Unity.app/Contents/PlaybackEngines/MacStandaloneSupport/UnityEditor.OSXStandalone.Extensions.dll
Registered in 0.000756 seconds.
Platform assembly: /Applications/Unity/Unity.app/Contents/PackageManager/Unity/PackageManager/5.6.0/Unity.PackageManager.dll (this message is harmless)
Loading /Applications/Unity/Unity.app/Contents/PackageManager/Unity/PackageManager/5.6.0/Unity.PackageManager.dll into Unity Child Domain
Non platform assembly: /private/var/tmp/_bazel_mc/c4f4f6f74f33415f35a1ab44963d1e4f/execroot/code8/external/unity/Unity.app/Contents/UnityExtensions/Unity/Advertisements/Editor/UnityEditor.Advertisements.dll (this message is harmless)
Loading /private/var/tmp/_bazel_mc/c4f4f6f74f33415f35a1ab44963d1e4f/execroot/code8/external/unity/Unity.app/Contents/UnityExtensions/Unity/Advertisements/Editor/UnityEditor.Advertisements.dll into Unity Child Domain
Non platform assembly: /private/var/tmp/_bazel_mc/c4f4f6f74f33415f35a1ab44963d1e4f/execroot/code8/external/unity/Unity.app/Contents/UnityExtensions/Unity/GUISystem/UnityEngine.UI.dll (this message is harmless)
Loading /private/var/tmp/_bazel_mc/c4f4f6f74f33415f35a1ab44963d1e4f/execroot/code8/external/unity/Unity.app/Contents/UnityExtensions/Unity/GUISystem/UnityEngine.UI.dll into Unity Child Domain
Non platform assembly: /private/var/tmp/_bazel_mc/c4f4f6f74f33415f35a1ab44963d1e4f/execroot/code8/external/unity/Unity.app/Contents/UnityExtensions/Unity/GUISystem/Editor/UnityEditor.UI.dll (this message is harmless)
Loading /private/var/tmp/_bazel_mc/c4f4f6f74f33415f35a1ab44963d1e4f/execroot/code8/external/unity/Unity.app/Contents/UnityExtensions/Unity/GUISystem/Editor/UnityEditor.UI.dll into Unity Child Domain
Non platform assembly: /private/var/tmp/_bazel_mc/c4f4f6f74f33415f35a1ab44963d1e4f/execroot/code8/external/unity/Unity.app/Contents/UnityExtensions/Unity/Networking/UnityEngine.Networking.dll (this message is harmless)
Loading /private/var/tmp/_bazel_mc/c4f4f6f74f33415f35a1ab44963d1e4f/execroot/code8/external/unity/Unity.app/Contents/UnityExtensions/Unity/Networking/UnityEngine.Networking.dll into Unity Child Domain
Non platform assembly: /private/var/tmp/_bazel_mc/c4f4f6f74f33415f35a1ab44963d1e4f/execroot/code8/external/unity/Unity.app/Contents/UnityExtensions/Unity/Networking/Editor/UnityEditor.Networking.dll (this message is harmless)
Loading /private/var/tmp/_bazel_mc/c4f4f6f74f33415f35a1ab44963d1e4f/execroot/code8/external/unity/Unity.app/Contents/UnityExtensions/Unity/Networking/Editor/UnityEditor.Networking.dll into Unity Child Domain
Non platform assembly: /private/var/tmp/_bazel_mc/c4f4f6f74f33415f35a1ab44963d1e4f/execroot/code8/external/unity/Unity.app/Contents/UnityExtensions/Unity/TestRunner/Editor/UnityEditor.TestRunner.dll (this message is harmless)
Loading /private/var/tmp/_bazel_mc/c4f4f6f74f33415f35a1ab44963d1e4f/execroot/code8/external/unity/Unity.app/Contents/UnityExtensions/Unity/TestRunner/Editor/UnityEditor.TestRunner.dll into Unity Child Domain
Non platform assembly: /private/var/tmp/_bazel_mc/c4f4f6f74f33415f35a1ab44963d1e4f/execroot/code8/external/unity/Unity.app/Contents/UnityExtensions/Unity/TestRunner/UnityEngine.TestRunner.dll (this message is harmless)
Loading /private/var/tmp/_bazel_mc/c4f4f6f74f33415f35a1ab44963d1e4f/execroot/code8/external/unity/Unity.app/Contents/UnityExtensions/Unity/TestRunner/UnityEngine.TestRunner.dll into Unity Child Domain
Non platform assembly: /private/var/tmp/_bazel_mc/c4f4f6f74f33415f35a1ab44963d1e4f/execroot/code8/external/unity/Unity.app/Contents/UnityExtensions/Unity/TestRunner/nunit.framework.dll (this message is harmless)
Loading /private/var/tmp/_bazel_mc/c4f4f6f74f33415f35a1ab44963d1e4f/execroot/code8/external/unity/Unity.app/Contents/UnityExtensions/Unity/TestRunner/nunit.framework.dll into Unity Child Domain
Non platform assembly: /private/var/tmp/_bazel_mc/c4f4f6f74f33415f35a1ab44963d1e4f/execroot/code8/external/unity/Unity.app/Contents/UnityExtensions/Unity/TreeEditor/Editor/UnityEditor.TreeEditor.dll (this message is harmless)
Loading /private/var/tmp/_bazel_mc/c4f4f6f74f33415f35a1ab44963d1e4f/execroot/code8/external/unity/Unity.app/Contents/UnityExtensions/Unity/TreeEditor/Editor/UnityEditor.TreeEditor.dll into Unity Child Domain
Non platform assembly: /private/var/tmp/_bazel_mc/c4f4f6f74f33415f35a1ab44963d1e4f/execroot/code8/external/unity/Unity.app/Contents/UnityExtensions/Unity/UnityAnalytics/UnityEngine.Analytics.dll (this message is harmless)
Loading /private/var/tmp/_bazel_mc/c4f4f6f74f33415f35a1ab44963d1e4f/execroot/code8/external/unity/Unity.app/Contents/UnityExtensions/Unity/UnityAnalytics/UnityEngine.Analytics.dll into Unity Child Domain
Non platform assembly: /private/var/tmp/_bazel_mc/c4f4f6f74f33415f35a1ab44963d1e4f/execroot/code8/external/unity/Unity.app/Contents/UnityExtensions/Unity/UnityAnalytics/Editor/UnityEditor.Analytics.dll (this message is harmless)
Loading /private/var/tmp/_bazel_mc/c4f4f6f74f33415f35a1ab44963d1e4f/execroot/code8/external/unity/Unity.app/Contents/UnityExtensions/Unity/UnityAnalytics/Editor/UnityEditor.Analytics.dll into Unity Child Domain
Non platform assembly: /private/var/tmp/_bazel_mc/c4f4f6f74f33415f35a1ab44963d1e4f/execroot/code8/external/unity/Unity.app/Contents/UnityExtensions/Unity/UnityHoloLens/Editor/UnityEditor.HoloLens.dll (this message is harmless)
Loading /private/var/tmp/_bazel_mc/c4f4f6f74f33415f35a1ab44963d1e4f/execroot/code8/external/unity/Unity.app/Contents/UnityExtensions/Unity/UnityHoloLens/Editor/UnityEditor.HoloLens.dll into Unity Child Domain
Non platform assembly: /private/var/tmp/_bazel_mc/c4f4f6f74f33415f35a1ab44963d1e4f/execroot/code8/external/unity/Unity.app/Contents/UnityExtensions/Unity/UnityHoloLens/RuntimeEditor/UnityEngine.HoloLens.dll (this message is harmless)
Loading /private/var/tmp/_bazel_mc/c4f4f6f74f33415f35a1ab44963d1e4f/execroot/code8/external/unity/Unity.app/Contents/UnityExtensions/Unity/UnityHoloLens/RuntimeEditor/UnityEngine.HoloLens.dll into Unity Child Domain
Non platform assembly: /private/var/tmp/_bazel_mc/c4f4f6f74f33415f35a1ab44963d1e4f/execroot/code8/external/unity/Unity.app/Contents/UnityExtensions/Unity/UnityPurchasing/Editor/UnityEditor.Purchasing.dll (this message is harmless)
Loading /private/var/tmp/_bazel_mc/c4f4f6f74f33415f35a1ab44963d1e4f/execroot/code8/external/unity/Unity.app/Contents/UnityExtensions/Unity/UnityPurchasing/Editor/UnityEditor.Purchasing.dll into Unity Child Domain
Non platform assembly: /private/var/tmp/_bazel_mc/c4f4f6f74f33415f35a1ab44963d1e4f/execroot/code8/external/unity/Unity.app/Contents/UnityExtensions/Unity/UnityVR/Editor/UnityEditor.VR.dll (this message is harmless)
Loading /private/var/tmp/_bazel_mc/c4f4f6f74f33415f35a1ab44963d1e4f/execroot/code8/external/unity/Unity.app/Contents/UnityExtensions/Unity/UnityVR/Editor/UnityEditor.VR.dll into Unity Child Domain
Non platform assembly: /private/var/tmp/_bazel_mc/c4f4f6f74f33415f35a1ab44963d1e4f/execroot/code8/external/unity/Unity.app/Contents/UnityExtensions/Unity/UnityVR/RuntimeEditor/UnityEngine.VR.dll (this message is harmless)
Loading /private/var/tmp/_bazel_mc/c4f4f6f74f33415f35a1ab44963d1e4f/execroot/code8/external/unity/Unity.app/Contents/UnityExtensions/Unity/UnityVR/RuntimeEditor/UnityEngine.VR.dll into Unity Child Domain
Platform assembly: /private/var/tmp/_bazel_mc/c4f4f6f74f33415f35a1ab44963d1e4f/execroot/code8/external/unity/Unity.app/Contents/Managed/UnityEditor.Graphs.dll (this message is harmless)
Loading /private/var/tmp/_bazel_mc/c4f4f6f74f33415f35a1ab44963d1e4f/execroot/code8/external/unity/Unity.app/Contents/Managed/UnityEditor.Graphs.dll into Unity Child Domain
Non platform assembly: /private/var/tmp/_bazel_mc/c4f4f6f74f33415f35a1ab44963d1e4f/execroot/code8/external/unity/PlaybackEngines/AndroidPlayer/UnityEditor.Android.Extensions.dll (this message is harmless)
Loading /private/var/tmp/_bazel_mc/c4f4f6f74f33415f35a1ab44963d1e4f/execroot/code8/external/unity/PlaybackEngines/AndroidPlayer/UnityEditor.Android.Extensions.dll into Unity Child Domain
Non platform assembly: /private/var/tmp/_bazel_mc/c4f4f6f74f33415f35a1ab44963d1e4f/execroot/code8/external/unity/PlaybackEngines/iOSSupport/UnityEditor.iOS.Extensions.dll (this message is harmless)
Loading /private/var/tmp/_bazel_mc/c4f4f6f74f33415f35a1ab44963d1e4f/execroot/code8/external/unity/PlaybackEngines/iOSSupport/UnityEditor.iOS.Extensions.dll into Unity Child Domain
Platform assembly: /private/var/tmp/_bazel_mc/c4f4f6f74f33415f35a1ab44963d1e4f/execroot/code8/external/unity/Unity.app/Contents/PlaybackEngines/MacStandaloneSupport/UnityEditor.OSXStandalone.Extensions.dll (this message is harmless)
Loading /private/var/tmp/_bazel_mc/c4f4f6f74f33415f35a1ab44963d1e4f/execroot/code8/external/unity/Unity.app/Contents/PlaybackEngines/MacStandaloneSupport/UnityEditor.OSXStandalone.Extensions.dll into Unity Child Domain
Refreshing native plugins compatible for Editor in 8.77 ms, found 0 plugins.
Preloading 0 native plugins for Editor in 0.00 ms.
Platform assembly: /Applications/Unity/Unity.app/Contents/Managed/Mono.Cecil.dll (this message is harmless)
Platform assembly: /Applications/Unity/Unity.app/Contents/Managed/Unity.SerializationLogic.dll (this message is harmless)
Platform assembly: /Applications/Unity/Unity.app/Contents/Mono/lib/mono/2.0/UnityScript.dll (this message is harmless)
Platform assembly: /Applications/Unity/Unity.app/Contents/Managed/ICSharpCode.NRefactory.dll (this message is harmless)
Platform assembly: /Applications/Unity/Unity.app/Contents/Mono/lib/mono/2.0/System.Xml.Linq.dll (this message is harmless)
Platform assembly: /Applications/Unity/Unity.app/Contents/Mono/lib/mono/2.0/System.Web.dll (this message is harmless)
Non platform assembly: /Applications/Unity/Unity.app/Contents/UnityExtensions/Unity/UnityVR/Editor/UnityEditor.iOS.Extensions.Xcode.dll (this message is harmless)
Non platform assembly: /Applications/Unity/PlaybackEngines/iOSSupport/UnityEditor.iOS.Extensions.Common.dll (this message is harmless)
Mono: successfully reloaded assembly
- Completed reload, in  0.821 seconds
Registering platform support modules:
Platform assembly: /Applications/Unity/Unity.app/Contents/Mono/lib/mono/2.0/System.Drawing.dll (this message is harmless)
Platform assembly: /Applications/Unity/Unity.app/Contents/Mono/lib/mono/2.0/System.Data.dll (this message is harmless)
Platform assembly: /Applications/Unity/Unity.app/Contents/Mono/lib/mono/2.0/Boo.Lang.Compiler.dll (this message is harmless)
Platform assembly: /Applications/Unity/Unity.app/Contents/Mono/lib/mono/2.0/Boo.Lang.dll (this message is harmless)
Platform assembly: /Applications/Unity/Unity.app/Contents/Mono/lib/mono/2.0/Boo.Lang.Parser.dll (this message is harmless)
Platform assembly: /Applications/Unity/Unity.app/Contents/Mono/lib/mono/2.0/UnityScript.Lang.dll (this message is harmless)
Platform assembly: /Applications/Unity/Unity.app/Contents/Mono/lib/mono/2.0/Mono.Security.dll (this message is harmless)
Registered platform support modules in: 0.156857s.
Native extension for OSXStandalone target not found
Loading native library: UnityEditor.iOS.Native at /private/var/tmp/_bazel_mc/c4f4f6f74f33415f35a1ab44963d1e4f/execroot/code8/external/unity/PlaybackEngines/iOSSupport/UnityEditor.iOS.Native.dylib
[usbmuxd] Start listen thread
[usbmuxd] Listen thread started
[usbmuxd] Send listen message
Native extension for iOS target not found
Native extension for Android target not found
Begin MonoManager ReloadAssembly
Platform assembly: /Applications/Unity/Unity.app/Contents/Managed/UnityEngine.dll (this message is harmless)
Platform assembly: /Applications/Unity/Unity.app/Contents/Managed/UnityEditor.dll (this message is harmless)
Platform assembly: /Applications/Unity/Unity.app/Contents/Managed/Unity.Locator.dll (this message is harmless)
Registering custom user dll's ...
Registered in 0.000989 seconds.
Platform assembly: /Applications/Unity/Unity.app/Contents/PackageManager/Unity/PackageManager/5.6.0/Unity.PackageManager.dll (this message is harmless)
Loading /Applications/Unity/Unity.app/Contents/PackageManager/Unity/PackageManager/5.6.0/Unity.PackageManager.dll into Unity Child Domain
Non platform assembly: /private/var/tmp/_bazel_mc/c4f4f6f74f33415f35a1ab44963d1e4f/execroot/code8/external/unity/Unity.app/Contents/UnityExtensions/Unity/Advertisements/Editor/UnityEditor.Advertisements.dll (this message is harmless)
Loading /private/var/tmp/_bazel_mc/c4f4f6f74f33415f35a1ab44963d1e4f/execroot/code8/external/unity/Unity.app/Contents/UnityExtensions/Unity/Advertisements/Editor/UnityEditor.Advertisements.dll into Unity Child Domain
Non platform assembly: /private/var/tmp/_bazel_mc/c4f4f6f74f33415f35a1ab44963d1e4f/execroot/code8/external/unity/Unity.app/Contents/UnityExtensions/Unity/GUISystem/UnityEngine.UI.dll (this message is harmless)
Loading /private/var/tmp/_bazel_mc/c4f4f6f74f33415f35a1ab44963d1e4f/execroot/code8/external/unity/Unity.app/Contents/UnityExtensions/Unity/GUISystem/UnityEngine.UI.dll into Unity Child Domain
Non platform assembly: /private/var/tmp/_bazel_mc/c4f4f6f74f33415f35a1ab44963d1e4f/execroot/code8/external/unity/Unity.app/Contents/UnityExtensions/Unity/GUISystem/Editor/UnityEditor.UI.dll (this message is harmless)
Loading /private/var/tmp/_bazel_mc/c4f4f6f74f33415f35a1ab44963d1e4f/execroot/code8/external/unity/Unity.app/Contents/UnityExtensions/Unity/GUISystem/Editor/UnityEditor.UI.dll into Unity Child Domain
Non platform assembly: /private/var/tmp/_bazel_mc/c4f4f6f74f33415f35a1ab44963d1e4f/execroot/code8/external/unity/Unity.app/Contents/UnityExtensions/Unity/Networking/UnityEngine.Networking.dll (this message is harmless)
Loading /private/var/tmp/_bazel_mc/c4f4f6f74f33415f35a1ab44963d1e4f/execroot/code8/external/unity/Unity.app/Contents/UnityExtensions/Unity/Networking/UnityEngine.Networking.dll into Unity Child Domain
Non platform assembly: /private/var/tmp/_bazel_mc/c4f4f6f74f33415f35a1ab44963d1e4f/execroot/code8/external/unity/Unity.app/Contents/UnityExtensions/Unity/Networking/Editor/UnityEditor.Networking.dll (this message is harmless)
Loading /private/var/tmp/_bazel_mc/c4f4f6f74f33415f35a1ab44963d1e4f/execroot/code8/external/unity/Unity.app/Contents/UnityExtensions/Unity/Networking/Editor/UnityEditor.Networking.dll into Unity Child Domain
Non platform assembly: /private/var/tmp/_bazel_mc/c4f4f6f74f33415f35a1ab44963d1e4f/execroot/code8/external/unity/Unity.app/Contents/UnityExtensions/Unity/TestRunner/Editor/UnityEditor.TestRunner.dll (this message is harmless)
Loading /private/var/tmp/_bazel_mc/c4f4f6f74f33415f35a1ab44963d1e4f/execroot/code8/external/unity/Unity.app/Contents/UnityExtensions/Unity/TestRunner/Editor/UnityEditor.TestRunner.dll into Unity Child Domain
Non platform assembly: /private/var/tmp/_bazel_mc/c4f4f6f74f33415f35a1ab44963d1e4f/execroot/code8/external/unity/Unity.app/Contents/UnityExtensions/Unity/TestRunner/UnityEngine.TestRunner.dll (this message is harmless)
Loading /private/var/tmp/_bazel_mc/c4f4f6f74f33415f35a1ab44963d1e4f/execroot/code8/external/unity/Unity.app/Contents/UnityExtensions/Unity/TestRunner/UnityEngine.TestRunner.dll into Unity Child Domain
Non platform assembly: /private/var/tmp/_bazel_mc/c4f4f6f74f33415f35a1ab44963d1e4f/execroot/code8/external/unity/Unity.app/Contents/UnityExtensions/Unity/TestRunner/nunit.framework.dll (this message is harmless)
Loading /private/var/tmp/_bazel_mc/c4f4f6f74f33415f35a1ab44963d1e4f/execroot/code8/external/unity/Unity.app/Contents/UnityExtensions/Unity/TestRunner/nunit.framework.dll into Unity Child Domain
Non platform assembly: /private/var/tmp/_bazel_mc/c4f4f6f74f33415f35a1ab44963d1e4f/execroot/code8/external/unity/Unity.app/Contents/UnityExtensions/Unity/TreeEditor/Editor/UnityEditor.TreeEditor.dll (this message is harmless)
Loading /private/var/tmp/_bazel_mc/c4f4f6f74f33415f35a1ab44963d1e4f/execroot/code8/external/unity/Unity.app/Contents/UnityExtensions/Unity/TreeEditor/Editor/UnityEditor.TreeEditor.dll into Unity Child Domain
Non platform assembly: /private/var/tmp/_bazel_mc/c4f4f6f74f33415f35a1ab44963d1e4f/execroot/code8/external/unity/Unity.app/Contents/UnityExtensions/Unity/UnityAnalytics/UnityEngine.Analytics.dll (this message is harmless)
Loading /private/var/tmp/_bazel_mc/c4f4f6f74f33415f35a1ab44963d1e4f/execroot/code8/external/unity/Unity.app/Contents/UnityExtensions/Unity/UnityAnalytics/UnityEngine.Analytics.dll into Unity Child Domain
Non platform assembly: /private/var/tmp/_bazel_mc/c4f4f6f74f33415f35a1ab44963d1e4f/execroot/code8/external/unity/Unity.app/Contents/UnityExtensions/Unity/UnityAnalytics/Editor/UnityEditor.Analytics.dll (this message is harmless)
Loading /private/var/tmp/_bazel_mc/c4f4f6f74f33415f35a1ab44963d1e4f/execroot/code8/external/unity/Unity.app/Contents/UnityExtensions/Unity/UnityAnalytics/Editor/UnityEditor.Analytics.dll into Unity Child Domain
Non platform assembly: /private/var/tmp/_bazel_mc/c4f4f6f74f33415f35a1ab44963d1e4f/execroot/code8/external/unity/Unity.app/Contents/UnityExtensions/Unity/UnityHoloLens/Editor/UnityEditor.HoloLens.dll (this message is harmless)
Loading /private/var/tmp/_bazel_mc/c4f4f6f74f33415f35a1ab44963d1e4f/execroot/code8/external/unity/Unity.app/Contents/UnityExtensions/Unity/UnityHoloLens/Editor/UnityEditor.HoloLens.dll into Unity Child Domain
Non platform assembly: /private/var/tmp/_bazel_mc/c4f4f6f74f33415f35a1ab44963d1e4f/execroot/code8/external/unity/Unity.app/Contents/UnityExtensions/Unity/UnityHoloLens/RuntimeEditor/UnityEngine.HoloLens.dll (this message is harmless)
Loading /private/var/tmp/_bazel_mc/c4f4f6f74f33415f35a1ab44963d1e4f/execroot/code8/external/unity/Unity.app/Contents/UnityExtensions/Unity/UnityHoloLens/RuntimeEditor/UnityEngine.HoloLens.dll into Unity Child Domain
Non platform assembly: /private/var/tmp/_bazel_mc/c4f4f6f74f33415f35a1ab44963d1e4f/execroot/code8/external/unity/Unity.app/Contents/UnityExtensions/Unity/UnityPurchasing/Editor/UnityEditor.Purchasing.dll (this message is harmless)
Loading /private/var/tmp/_bazel_mc/c4f4f6f74f33415f35a1ab44963d1e4f/execroot/code8/external/unity/Unity.app/Contents/UnityExtensions/Unity/UnityPurchasing/Editor/UnityEditor.Purchasing.dll into Unity Child Domain
Non platform assembly: /private/var/tmp/_bazel_mc/c4f4f6f74f33415f35a1ab44963d1e4f/execroot/code8/external/unity/Unity.app/Contents/UnityExtensions/Unity/UnityVR/Editor/UnityEditor.VR.dll (this message is harmless)
Loading /private/var/tmp/_bazel_mc/c4f4f6f74f33415f35a1ab44963d1e4f/execroot/code8/external/unity/Unity.app/Contents/UnityExtensions/Unity/UnityVR/Editor/UnityEditor.VR.dll into Unity Child Domain
Non platform assembly: /private/var/tmp/_bazel_mc/c4f4f6f74f33415f35a1ab44963d1e4f/execroot/code8/external/unity/Unity.app/Contents/UnityExtensions/Unity/UnityVR/RuntimeEditor/UnityEngine.VR.dll (this message is harmless)
Loading /private/var/tmp/_bazel_mc/c4f4f6f74f33415f35a1ab44963d1e4f/execroot/code8/external/unity/Unity.app/Contents/UnityExtensions/Unity/UnityVR/RuntimeEditor/UnityEngine.VR.dll into Unity Child Domain
Platform assembly: /private/var/tmp/_bazel_mc/c4f4f6f74f33415f35a1ab44963d1e4f/execroot/code8/external/unity/Unity.app/Contents/Managed/UnityEditor.Graphs.dll (this message is harmless)
Loading /private/var/tmp/_bazel_mc/c4f4f6f74f33415f35a1ab44963d1e4f/execroot/code8/external/unity/Unity.app/Contents/Managed/UnityEditor.Graphs.dll into Unity Child Domain
Non platform assembly: /private/var/tmp/_bazel_mc/c4f4f6f74f33415f35a1ab44963d1e4f/execroot/code8/external/unity/PlaybackEngines/AndroidPlayer/UnityEditor.Android.Extensions.dll (this message is harmless)
Loading /private/var/tmp/_bazel_mc/c4f4f6f74f33415f35a1ab44963d1e4f/execroot/code8/external/unity/PlaybackEngines/AndroidPlayer/UnityEditor.Android.Extensions.dll into Unity Child Domain
Non platform assembly: /private/var/tmp/_bazel_mc/c4f4f6f74f33415f35a1ab44963d1e4f/execroot/code8/external/unity/PlaybackEngines/iOSSupport/UnityEditor.iOS.Extensions.dll (this message is harmless)
Loading /private/var/tmp/_bazel_mc/c4f4f6f74f33415f35a1ab44963d1e4f/execroot/code8/external/unity/PlaybackEngines/iOSSupport/UnityEditor.iOS.Extensions.dll into Unity Child Domain
Platform assembly: /private/var/tmp/_bazel_mc/c4f4f6f74f33415f35a1ab44963d1e4f/execroot/code8/external/unity/Unity.app/Contents/PlaybackEngines/MacStandaloneSupport/UnityEditor.OSXStandalone.Extensions.dll (this message is harmless)
Loading /private/var/tmp/_bazel_mc/c4f4f6f74f33415f35a1ab44963d1e4f/execroot/code8/external/unity/Unity.app/Contents/PlaybackEngines/MacStandaloneSupport/UnityEditor.OSXStandalone.Extensions.dll into Unity Child Domain
Non platform assembly: /private/var/tmp/_bazel_mc/c4f4f6f74f33415f35a1ab44963d1e4f/execroot/code8/external/unity/PlaybackEngines/iOSSupport/UnityEditor.iOS.Extensions.Xcode.dll (this message is harmless)
Loading /private/var/tmp/_bazel_mc/c4f4f6f74f33415f35a1ab44963d1e4f/execroot/code8/external/unity/PlaybackEngines/iOSSupport/UnityEditor.iOS.Extensions.Xcode.dll into Unity Child Domain
Non platform assembly: /private/var/tmp/_bazel_mc/c4f4f6f74f33415f35a1ab44963d1e4f/execroot/code8/external/unity/PlaybackEngines/iOSSupport/UnityEditor.iOS.Extensions.Common.dll (this message is harmless)
Loading /private/var/tmp/_bazel_mc/c4f4f6f74f33415f35a1ab44963d1e4f/execroot/code8/external/unity/PlaybackEngines/iOSSupport/UnityEditor.iOS.Extensions.Common.dll into Unity Child Domain
Platform assembly: /Applications/Unity/Unity.app/Contents/Mono/lib/mono/2.0/System.Core.dll (this message is harmless)
Refreshing native plugins compatible for Editor in 0.46 ms, found 0 plugins.
Preloading 0 native plugins for Editor in 0.00 ms.
Platform assembly: /Applications/Unity/Unity.app/Contents/Managed/Mono.Cecil.dll (this message is harmless)
Platform assembly: /Applications/Unity/Unity.app/Contents/Managed/Unity.SerializationLogic.dll (this message is harmless)
Platform assembly: /Applications/Unity/Unity.app/Contents/Managed/Unity.DataContract.dll (this message is harmless)
Platform assembly: /Applications/Unity/Unity.app/Contents/Mono/lib/mono/2.0/UnityScript.dll (this message is harmless)
Platform assembly: /Applications/Unity/Unity.app/Contents/Managed/ICSharpCode.NRefactory.dll (this message is harmless)
Platform assembly: /Applications/Unity/Unity.app/Contents/Mono/lib/mono/2.0/System.Xml.Linq.dll (this message is harmless)
Platform assembly: /Applications/Unity/Unity.app/Contents/Managed/Unity.IvyParser.dll (this message is harmless)
Platform assembly: /Applications/Unity/Unity.app/Contents/Mono/lib/mono/2.0/System.Web.dll (this message is harmless)
Mono: successfully reloaded assembly
- Completed reload, in  0.556 seconds
Initializing Unity.PackageManager (PackageManager) v5.6.0 for Unity v5.6.0f3
Setting Standalone:StandaloneOSXIntel v5.6.0 for Unity v5.6.0f3 to /private/var/tmp/_bazel_mc/c4f4f6f74f33415f35a1ab44963d1e4f/execroot/code8/external/unity/Unity.app/Contents/PlaybackEngines/MacStandaloneSupport
Setting Advertisements v5.6.0 for Unity v5.6.0f3 to /private/var/tmp/_bazel_mc/c4f4f6f74f33415f35a1ab44963d1e4f/execroot/code8/external/unity/Unity.app/Contents/UnityExtensions/Unity/Advertisements
  UnityEngine.Advertisements.dll (Extension) GUID: 739bbd9f364b4268874f9fd86ab3beef
  Editor/UnityEditor.Advertisements.dll (Extension) GUID: 97decbdab0634cdd991f8d23ddf0dead
Setting GUISystem v5.6.0 for Unity v5.6.0f3 to /private/var/tmp/_bazel_mc/c4f4f6f74f33415f35a1ab44963d1e4f/execroot/code8/external/unity/Unity.app/Contents/UnityExtensions/Unity/GUISystem
  UnityEngine.UI.dll (Extension) GUID: f5f67c52d1564df4a8936ccd202a3bd8
  Standalone/UnityEngine.UI.dll (Extension) GUID: f70555f144d8491a825f0804e09c671c
  Editor/UnityEditor.UI.dll (Extension) GUID: 80a3616ca19596e4da0f10f14d241e9f
Setting UNetHLAPI v5.6.0 for Unity v5.6.0f3 to /private/var/tmp/_bazel_mc/c4f4f6f74f33415f35a1ab44963d1e4f/execroot/code8/external/unity/Unity.app/Contents/UnityExtensions/Unity/Networking
  UnityEngine.Networking.dll (Extension) GUID: 870353891bb340e2b2a9c8707e7419ba
  Standalone/UnityEngine.Networking.dll (Extension) GUID: dc443db3e92b4983b9738c1131f555cb
  Editor/UnityEditor.Networking.dll (Extension) GUID: 5f32cd94baa94578a686d4b9d6b660f7
Setting TestRunner v5.6.0 for Unity v5.6.0f3 to /private/var/tmp/_bazel_mc/c4f4f6f74f33415f35a1ab44963d1e4f/execroot/code8/external/unity/Unity.app/Contents/UnityExtensions/Unity/TestRunner
  Editor/UnityEditor.TestRunner.dll (Extension) GUID: 4113173d5e95493ab8765d7b08371de4
  UnityEngine.TestRunner.dll (Extension) GUID: 53ebcfaa2e1e4e2dbc85882cd5a73fa1
  nunit.framework.dll (Extension) GUID: 6abf4b4cbfd0454e850ffc1ec9140b58
  standalone/nunit.framework.dll (Extension) GUID: 4277762b3c154fab9f2e968e868bbbd7
  portable/nunit.framework.dll (Extension) GUID: 405b9b51bb344a128608d968297df79c
Setting TreeEditor v5.6.0 for Unity v5.6.0f3 to /private/var/tmp/_bazel_mc/c4f4f6f74f33415f35a1ab44963d1e4f/execroot/code8/external/unity/Unity.app/Contents/UnityExtensions/Unity/TreeEditor
  Editor/UnityEditor.TreeEditor.dll (Extension) GUID: adebbd281f1a4ef3a30be7f21937e02f
Setting UnityAnalytics v5.6.0 for Unity v5.6.0f3 to /private/var/tmp/_bazel_mc/c4f4f6f74f33415f35a1ab44963d1e4f/execroot/code8/external/unity/Unity.app/Contents/UnityExtensions/Unity/UnityAnalytics
  UnityEngine.Analytics.dll (Extension) GUID: 852E56802EB941638ACBB491814497B0
  Editor/UnityEditor.Analytics.dll (Extension) GUID: 86f4de9468454445ac2f39e207fafa3a
Setting UnityHoloLens v5.6.0 for Unity v5.6.0f3 to /private/var/tmp/_bazel_mc/c4f4f6f74f33415f35a1ab44963d1e4f/execroot/code8/external/unity/Unity.app/Contents/UnityExtensions/Unity/UnityHoloLens
  Editor/UnityEditor.HoloLens.dll (Extension) GUID: 12fd8a0055b84bb59e84c9835a37e333
  Runtime/UnityEngine.HoloLens.dll (Extension) GUID: f7b54ff4a43d4fcf81b4538b678e0bcc
  RuntimeEditor/UnityEngine.HoloLens.dll (Extension) GUID: 1c6d1fbb51834b64847b1b73a75bfc77
Setting UnityPurchasing v5.6.0 for Unity v5.6.0f3 to /private/var/tmp/_bazel_mc/c4f4f6f74f33415f35a1ab44963d1e4f/execroot/code8/external/unity/Unity.app/Contents/UnityExtensions/Unity/UnityPurchasing
  UnityEngine.Purchasing.dll (Extension) GUID: 8E0CD8ED44D4412CBE0642067ABC9E44
  Editor/UnityEditor.Purchasing.dll (Extension) GUID: 8382B2BB260241859771B69B7F377A8D
Setting UnityVR v5.6.0 for Unity v5.6.0f3 to /private/var/tmp/_bazel_mc/c4f4f6f74f33415f35a1ab44963d1e4f/execroot/code8/external/unity/Unity.app/Contents/UnityExtensions/Unity/UnityVR
  Editor/UnityEditor.VR.dll (Extension) GUID: 4ba2329b63d54f0187bcaa12486b1b0f
  Runtime/UnityEngine.VR.dll (Extension) GUID: 6cdf1e5c78d14720aaadccd4C792df96
  RuntimeEditor/UnityEngine.VR.dll (Extension) GUID: 307433eba81a469ab1e2084d52d1a5a2
- starting compile Library/ScriptAssemblies/Assembly-CSharp-firstpass.dll, for buildtarget 13
Registering platform support modules:
Platform assembly: /Applications/Unity/Unity.app/Contents/Mono/lib/mono/2.0/System.Drawing.dll (this message is harmless)
Platform assembly: /Applications/Unity/Unity.app/Contents/Mono/lib/mono/2.0/System.Data.dll (this message is harmless)
Platform assembly: /Applications/Unity/Unity.app/Contents/Mono/lib/mono/2.0/Boo.Lang.Compiler.dll (this message is harmless)
Platform assembly: /Applications/Unity/Unity.app/Contents/Mono/lib/mono/2.0/Boo.Lang.dll (this message is harmless)
Platform assembly: /Applications/Unity/Unity.app/Contents/Mono/lib/mono/2.0/Boo.Lang.Parser.dll (this message is harmless)
Platform assembly: /Applications/Unity/Unity.app/Contents/Mono/lib/mono/2.0/UnityScript.Lang.dll (this message is harmless)
Registered platform support modules in: 0.094831s.
- Finished compile Library/ScriptAssemblies/Assembly-CSharp-firstpass.dll
WeaveUnetFromEditor Temp/Assembly-CSharp-firstpass.dll
Platform assembly: /Applications/Unity/Unity.app/Contents/Managed/Unity.UNetWeaver.dll (this message is harmless)
WeaveAssemblies unityPath= /Applications/Unity/Unity.app/Contents/Managed/UnityEngine.dll
WeaveAssemblies unetPath= /private/var/tmp/_bazel_mc/c4f4f6f74f33415f35a1ab44963d1e4f/execroot/code8/external/unity/Unity.app/Contents/UnityExtensions/Unity/Networking/UnityEngine.Networking.dll
Platform assembly: /Applications/Unity/Unity.app/Contents/Managed/Mono.Cecil.Pdb.dll (this message is harmless)
Platform assembly: /Applications/Unity/Unity.app/Contents/Managed/Mono.Cecil.Mdb.dll (this message is harmless)
Symbols will be read from Temp/Assembly-CSharp-firstpass.dll.mdb
Script Module: Assembly-CSharp-firstpass.dll
Pass: 0 took 6 milliseconds
Pass: 1 took 4 milliseconds
- starting compile Library/ScriptAssemblies/Assembly-CSharp.dll, for buildtarget 13

-----Compiler Commandline Arguments:
Filename: /private/var/tmp/_bazel_mc/c4f4f6f74f33415f35a1ab44963d1e4f/execroot/code8/external/unity/Unity.app/Contents/MonoBleedingEdge/bin/mono
Arguments: '/private/var/tmp/_bazel_mc/c4f4f6f74f33415f35a1ab44963d1e4f/execroot/code8/external/unity/Unity.app/Contents/MonoBleedingEdge/lib/mono/4.5/mcs.exe'  @Temp/UnityTempFile-c41a1ef719e644321bc317a1bfa24ccc
index: 151
Responsefile: Temp/UnityTempFile-c41a1ef719e644321bc317a1bfa24ccc Contents:
-debug
-target:library
-nowarn:0169
-langversion:4
-out:'Temp/Assembly-CSharp.dll'
-unsafe
-r:'/Applications/Unity/Unity.app/Contents/Managed/UnityEngine.dll'
-r:'Library/ScriptAssemblies/Assembly-CSharp-firstpass.dll'
-r:'/private/var/tmp/_bazel_mc/c4f4f6f74f33415f35a1ab44963d1e4f/execroot/code8/external/unity/Unity.app/Contents/UnityExtensions/Unity/GUISystem/UnityEngine.UI.dll'
-r:'/private/var/tmp/_bazel_mc/c4f4f6f74f33415f35a1ab44963d1e4f/execroot/code8/external/unity/Unity.app/Contents/UnityExtensions/Unity/Networking/UnityEngine.Networking.dll'
-r:'/private/var/tmp/_bazel_mc/c4f4f6f74f33415f35a1ab44963d1e4f/execroot/code8/external/unity/Unity.app/Contents/UnityExtensions/Unity/TestRunner/UnityEngine.TestRunner.dll'
-r:'/private/var/tmp/_bazel_mc/c4f4f6f74f33415f35a1ab44963d1e4f/execroot/code8/external/unity/Unity.app/Contents/UnityExtensions/Unity/TestRunner/nunit.framework.dll'
-r:'/private/var/tmp/_bazel_mc/c4f4f6f74f33415f35a1ab44963d1e4f/execroot/code8/external/unity/Unity.app/Contents/UnityExtensions/Unity/UnityAnalytics/UnityEngine.Analytics.dll'
-r:'/private/var/tmp/_bazel_mc/c4f4f6f74f33415f35a1ab44963d1e4f/execroot/code8/external/unity/Unity.app/Contents/UnityExtensions/Unity/UnityHoloLens/RuntimeEditor/UnityEngine.HoloLens.dll'
-r:'/private/var/tmp/_bazel_mc/c4f4f6f74f33415f35a1ab44963d1e4f/execroot/code8/external/unity/Unity.app/Contents/UnityExtensions/Unity/UnityVR/RuntimeEditor/UnityEngine.VR.dll'
-r:'/Applications/Unity/Unity.app/Contents/Managed/UnityEditor.dll'
-r:'/private/var/tmp/_bazel_mc/c4f4f6f74f33415f35a1ab44963d1e4f/execroot/code8/external/unity/PlaybackEngines/iOSSupport/UnityEditor.iOS.Extensions.Xcode.dll'
-r:'/private/var/tmp/_bazel_mc/c4f4f6f74f33415f35a1ab44963d1e4f/execroot/code8/external/unity/PlaybackEngines/iOSSupport/UnityEditor.iOS.Extensions.Common.dll'
-define:UNITY_5_3_OR_NEWER
-define:UNITY_5_4_OR_NEWER
-define:UNITY_5_5_OR_NEWER
-define:UNITY_5_6_OR_NEWER
-define:UNITY_5_6_0
-define:UNITY_5_6
-define:UNITY_5
-define:ENABLE_AUDIO
-define:ENABLE_CACHING
-define:ENABLE_CLOTH
-define:ENABLE_GENERICS
-define:ENABLE_PVR_GI
-define:ENABLE_MICROPHONE
-define:ENABLE_MULTIPLE_DISPLAYS
-define:ENABLE_PHYSICS
-define:ENABLE_RUNTIME_NAVMESH_BUILDING
-define:ENABLE_SPRITERENDERER_FLIPPING
-define:ENABLE_SPRITES
-define:ENABLE_TERRAIN
-define:ENABLE_RAKNET
-define:ENABLE_UNET
-define:ENABLE_LZMA
-define:ENABLE_UNITYEVENTS
-define:ENABLE_WEBCAM
-define:ENABLE_WWW
-define:ENABLE_CLOUD_SERVICES_COLLAB
-define:ENABLE_CLOUD_SERVICES_ADS
-define:ENABLE_CLOUD_HUB
-define:ENABLE_CLOUD_PROJECT_ID
-define:ENABLE_CLOUD_SERVICES_UNET
-define:ENABLE_CLOUD_SERVICES_BUILD
-define:ENABLE_CLOUD_LICENSE
-define:ENABLE_EDITOR_METRICS
-define:ENABLE_EDITOR_METRICS_CACHING
-define:ENABLE_NATIVE_ARRAY
-define:INCLUDE_DYNAMIC_GI
-define:INCLUDE_GI
-define:PLATFORM_SUPPORTS_MONO
-define:INCLUDE_PUBNUB
-define:ENABLE_PLAYMODE_TESTS_RUNNER
-define:ENABLE_SCRIPTING_NEW_CSHARP_COMPILER
-define:ENABLE_VIDEO
-define:UNITY_ANDROID
-define:ENABLE_SUBSTANCE
-define:UNITY_ANDROID_API
-define:ENABLE_EGL
-define:ENABLE_NETWORK
-define:ENABLE_RUNTIME_GI
-define:ENABLE_CRUNCH_TEXTURE_COMPRESSION
-define:ENABLE_UNITYWEBREQUEST
-define:ENABLE_CLOUD_SERVICES
-define:ENABLE_CLOUD_SERVICES_ANALYTICS
-define:ENABLE_CLOUD_SERVICES_PURCHASING
-define:ENABLE_CLOUD_SERVICES_CRASH_REPORTING
-define:PLATFORM_SUPPORTS_ADS_ID
-define:UNITY_CAN_SHOW_SPLASH_SCREEN
-define:ENABLE_VR
-define:ENABLE_UNITYADS_RUNTIME
-define:UNITY_UNITYADS_API
-define:ENABLE_MONO
-define:NET_2_0_SUBSET
-define:ENABLE_PROFILER
-define:DEBUG
-define:TRACE
-define:UNITY_ASSERTIONS
-define:UNITY_EDITOR
-define:UNITY_EDITOR_64
-define:UNITY_EDITOR_OSX
-define:ENABLE_NATIVE_ARRAY_CHECKS
-define:UNITY_TEAM_LICENSE
-define:UNITY_HAS_GOOGLEVR
'Assets/Scripts/CameraController.cs'
'Assets/Scripts/RealityController.cs'
'Assets/Scripts/SceneCameraController.cs'
-r:'/private/var/tmp/_bazel_mc/c4f4f6f74f33415f35a1ab44963d1e4f/execroot/code8/external/unity/Unity.app/Contents/Mono/lib/mono/unity/System.Runtime.Serialization.dll'
-r:'/private/var/tmp/_bazel_mc/c4f4f6f74f33415f35a1ab44963d1e4f/execroot/code8/external/unity/Unity.app/Contents/Mono/lib/mono/unity/System.Xml.Linq.dll'
-r:'/private/var/tmp/_bazel_mc/c4f4f6f74f33415f35a1ab44963d1e4f/execroot/code8/external/unity/Unity.app/Contents/Mono/lib/mono/unity/UnityScript.dll'
-r:'/private/var/tmp/_bazel_mc/c4f4f6f74f33415f35a1ab44963d1e4f/execroot/code8/external/unity/Unity.app/Contents/Mono/lib/mono/unity/UnityScript.Lang.dll'
-r:'/private/var/tmp/_bazel_mc/c4f4f6f74f33415f35a1ab44963d1e4f/execroot/code8/external/unity/Unity.app/Contents/Mono/lib/mono/unity/Boo.Lang.dll'
@Assets/mcs.rsp
-sdk:unity

-----CompilerOutput:-stdout--exitcode: 1--compilationhadfailure: True--outfile: Temp/Assembly-CSharp.dll
Compilation failed: 1 error(s), 1 warnings
-----CompilerOutput:-stderr----------
Assets/Scripts/CameraController.cs(7,0): warning CS1030: #warning: `This is a warning test.'
Assets/Scripts/CameraController.cs(13,5): error CS0103: The name `Appliction' does not exist in the current context
-----EndCompilerOutput---------------
- Finished compile Library/ScriptAssemblies/Assembly-CSharp.dll
Assets/Scripts/CameraController.cs(7,0): warning CS1030: #warning: `This is a warning test.'

(Filename: Assets/Scripts/CameraController.cs Line: 7)

Assets/Scripts/CameraController.cs(13,5): error CS0103: The name `Appliction' does not exist in the current context

(Filename: Assets/Scripts/CameraController.cs Line: 13)

Reloading assemblies after script compilation.
Validating Project structure ... 0.000675 seconds.
Refresh: detecting if any assets need to be imported or removed ... Refresh: elapses 0.001456 seconds
Refreshing native plugins compatible for Editor in 0.39 ms, found 0 plugins.
Preloading 0 native plugins for Editor in 0.00 ms.

----- Total AssetImport time: 0.001307s, AssetImport time: 0.000000s, Asset hashing: 0.000000s [0 B, 0.000000 mb/s]

Warming cache for 90 main assets: 0.000390 seconds elapsed
Initializing Unity extensions:
 '/private/var/tmp/_bazel_mc/c4f4f6f74f33415f35a1ab44963d1e4f/execroot/code8/external/unity/Unity.app/Contents/UnityExtensions/Unity/UnityHoloLens/Editor/UnityEditor.HoloLens.dll'  GUID: 12fd8a0055b84bb59e84c9835a37e333
 '/private/var/tmp/_bazel_mc/c4f4f6f74f33415f35a1ab44963d1e4f/execroot/code8/external/unity/Unity.app/Contents/UnityExtensions/Unity/UnityAnalytics/UnityEngine.Analytics.dll'  GUID: 852e56802eb941638acbb491814497b0
 '/private/var/tmp/_bazel_mc/c4f4f6f74f33415f35a1ab44963d1e4f/execroot/code8/external/unity/Unity.app/Contents/UnityExtensions/Unity/TestRunner/portable/nunit.framework.dll'  GUID: 405b9b51bb344a128608d968297df79c
 '/private/var/tmp/_bazel_mc/c4f4f6f74f33415f35a1ab44963d1e4f/execroot/code8/external/unity/Unity.app/Contents/UnityExtensions/Unity/GUISystem/Standalone/UnityEngine.UI.dll'  GUID: f70555f144d8491a825f0804e09c671c
 '/private/var/tmp/_bazel_mc/c4f4f6f74f33415f35a1ab44963d1e4f/execroot/code8/external/unity/Unity.app/Contents/UnityExtensions/Unity/GUISystem/UnityEngine.UI.dll'  GUID: f5f67c52d1564df4a8936ccd202a3bd8
 '/private/var/tmp/_bazel_mc/c4f4f6f74f33415f35a1ab44963d1e4f/execroot/code8/external/unity/Unity.app/Contents/UnityExtensions/Unity/Networking/Standalone/UnityEngine.Networking.dll'  GUID: dc443db3e92b4983b9738c1131f555cb
 '/private/var/tmp/_bazel_mc/c4f4f6f74f33415f35a1ab44963d1e4f/execroot/code8/external/unity/Unity.app/Contents/UnityExtensions/Unity/Networking/Editor/UnityEditor.Networking.dll'  GUID: 5f32cd94baa94578a686d4b9d6b660f7
 '/private/var/tmp/_bazel_mc/c4f4f6f74f33415f35a1ab44963d1e4f/execroot/code8/external/unity/Unity.app/Contents/UnityExtensions/Unity/UnityAnalytics/Editor/UnityEditor.Analytics.dll'  GUID: 86f4de9468454445ac2f39e207fafa3a
 '/private/var/tmp/_bazel_mc/c4f4f6f74f33415f35a1ab44963d1e4f/execroot/code8/external/unity/Unity.app/Contents/UnityExtensions/Unity/UnityHoloLens/Runtime/UnityEngine.HoloLens.dll'  GUID: f7b54ff4a43d4fcf81b4538b678e0bcc
 '/private/var/tmp/_bazel_mc/c4f4f6f74f33415f35a1ab44963d1e4f/execroot/code8/external/unity/Unity.app/Contents/UnityExtensions/Unity/TreeEditor/Editor/UnityEditor.TreeEditor.dll'  GUID: adebbd281f1a4ef3a30be7f21937e02f
 '/private/var/tmp/_bazel_mc/c4f4f6f74f33415f35a1ab44963d1e4f/execroot/code8/external/unity/Unity.app/Contents/UnityExtensions/Unity/Networking/UnityEngine.Networking.dll'  GUID: 870353891bb340e2b2a9c8707e7419ba
 '/private/var/tmp/_bazel_mc/c4f4f6f74f33415f35a1ab44963d1e4f/execroot/code8/external/unity/Unity.app/Contents/UnityExtensions/Unity/TestRunner/UnityEngine.TestRunner.dll'  GUID: 53ebcfaa2e1e4e2dbc85882cd5a73fa1
 '/private/var/tmp/_bazel_mc/c4f4f6f74f33415f35a1ab44963d1e4f/execroot/code8/external/unity/Unity.app/Contents/UnityExtensions/Unity/Advertisements/Editor/UnityEditor.Advertisements.dll'  GUID: 97decbdab0634cdd991f8d23ddf0dead
 '/private/var/tmp/_bazel_mc/c4f4f6f74f33415f35a1ab44963d1e4f/execroot/code8/external/unity/Unity.app/Contents/UnityExtensions/Unity/TestRunner/standalone/nunit.framework.dll'  GUID: 4277762b3c154fab9f2e968e868bbbd7
 '/private/var/tmp/_bazel_mc/c4f4f6f74f33415f35a1ab44963d1e4f/execroot/code8/external/unity/Unity.app/Contents/UnityExtensions/Unity/UnityVR/Editor/UnityEditor.VR.dll'  GUID: 4ba2329b63d54f0187bcaa12486b1b0f
 '/private/var/tmp/_bazel_mc/c4f4f6f74f33415f35a1ab44963d1e4f/execroot/code8/external/unity/Unity.app/Contents/UnityExtensions/Unity/UnityPurchasing/Editor/UnityEditor.Purchasing.dll'  GUID: 8382b2bb260241859771b69b7f377a8d
 '/private/var/tmp/_bazel_mc/c4f4f6f74f33415f35a1ab44963d1e4f/execroot/code8/external/unity/Unity.app/Contents/UnityExtensions/Unity/UnityHoloLens/RuntimeEditor/UnityEngine.HoloLens.dll'  GUID: 1c6d1fbb51834b64847b1b73a75bfc77
 '/private/var/tmp/_bazel_mc/c4f4f6f74f33415f35a1ab44963d1e4f/execroot/code8/external/unity/Unity.app/Contents/UnityExtensions/Unity/UnityVR/RuntimeEditor/UnityEngine.VR.dll'  GUID: 307433eba81a469ab1e2084d52d1a5a2
 '/private/var/tmp/_bazel_mc/c4f4f6f74f33415f35a1ab44963d1e4f/execroot/code8/external/unity/Unity.app/Contents/UnityExtensions/Unity/TestRunner/nunit.framework.dll'  GUID: 6abf4b4cbfd0454e850ffc1ec9140b58
 '/private/var/tmp/_bazel_mc/c4f4f6f74f33415f35a1ab44963d1e4f/execroot/code8/external/unity/Unity.app/Contents/UnityExtensions/Unity/UnityVR/Runtime/UnityEngine.VR.dll'  GUID: 6cdf1e5c78d14720aaadccd4c792df96
 '/private/var/tmp/_bazel_mc/c4f4f6f74f33415f35a1ab44963d1e4f/execroot/code8/external/unity/Unity.app/Contents/UnityExtensions/Unity/GUISystem/Editor/UnityEditor.UI.dll'  GUID: 80a3616ca19596e4da0f10f14d241e9f
 '/private/var/tmp/_bazel_mc/c4f4f6f74f33415f35a1ab44963d1e4f/execroot/code8/external/unity/Unity.app/Contents/UnityExtensions/Unity/TestRunner/Editor/UnityEditor.TestRunner.dll'  GUID: 4113173d5e95493ab8765d7b08371de4
 '/private/var/tmp/_bazel_mc/c4f4f6f74f33415f35a1ab44963d1e4f/execroot/code8/external/unity/Unity.app/Contents/UnityExtensions/Unity/UnityPurchasing/UnityEngine.Purchasing.dll'  GUID: 8e0cd8ed44d4412cbe0642067abc9e44
 '/private/var/tmp/_bazel_mc/c4f4f6f74f33415f35a1ab44963d1e4f/execroot/code8/external/unity/Unity.app/Contents/UnityExtensions/Unity/Advertisements/UnityEngine.Advertisements.dll'  GUID: 739bbd9f364b4268874f9fd86ab3beef
Unloading 106 Unused Serialized files (Serialized files now loaded: 0)
System memory in use before: 192.7 MB.
System memory in use after: 192.7 MB.

Unloading 82 unused Assets to reduce memory usage. Loaded Objects now: 559.
Total: 8.058355 ms (FindLiveObjects: 0.124753 ms CreateObjectMapping: 0.022457 ms MarkObjects: 7.868581 ms  DeleteObjects: 0.041001 ms)

Scripts have compiler errors.

(Filename: /Users/builduser/buildslave/unity/build/Runtime/Utilities/Argv.cpp Line: 171)


Aborting batchmode due to failure:
Scripts have compiler errors.

***Thread 'UnityLookForNewInputDevices' is still running!***

(Filename: /Users/builduser/buildslave/unity/build/Runtime/Threads/Thread.cpp Line: 63)

***Thread was not cleaned up!***

(Filename: /Users/builduser/buildslave/unity/build/Runtime/Threads/Posix/PlatformThread.cpp Line: 38)

Target //apps/client/exploratory/hellocamera:hello-camera.android failed to build
Use --verbose_failures to see the command lines of failed build steps.
____Elapsed time: 9.184s, Critical Path: 7.53s
